{"C:\\data\\hacktiv8\\Project\\IP-RMT42\\server\\app.js": {"path":"C:\\data\\hacktiv8\\Project\\IP-RMT42\\server\\app.js","statementMap":{"0":{"start":{"line":1,"column":0},"end":{"line":3,"column":3}},"1":{"start":{"line":2,"column":4},"end":{"line":2,"column":30}},"2":{"start":{"line":5,"column":18},"end":{"line":5,"column":36}},"3":{"start":{"line":6,"column":14},"end":{"line":6,"column":23}},"4":{"start":{"line":7,"column":15},"end":{"line":7,"column":30}},"5":{"start":{"line":9,"column":2},"end":{"line":9,"column":17}},"6":{"start":{"line":10,"column":2},"end":{"line":10,"column":25}},"7":{"start":{"line":11,"column":2},"end":{"line":11,"column":49}},"8":{"start":{"line":12,"column":2},"end":{"line":12,"column":30}},"9":{"start":{"line":14,"column":2},"end":{"line":14,"column":22}}},"fnMap":{},"branchMap":{"0":{"loc":{"start":{"line":1,"column":0},"end":{"line":3,"column":3}},"type":"if","locations":[{"start":{"line":1,"column":0},"end":{"line":3,"column":3}},{"start":{},"end":{}}],"line":1}},"s":{"0":14,"1":14,"2":14,"3":14,"4":14,"5":14,"6":14,"7":14,"8":14,"9":14},"f":{},"b":{"0":[14,0]},"_coverageSchema":"1a1c01bbd47fc00a2c39e90264f33305004495a9","hash":"de34f25d0aaa24967d028b14202a4f1072ce8d26"}
,"C:\\data\\hacktiv8\\Project\\IP-RMT42\\server\\controllers\\FoodController.js": {"path":"C:\\data\\hacktiv8\\Project\\IP-RMT42\\server\\controllers\\FoodController.js","statementMap":{"0":{"start":{"line":2,"column":15},"end":{"line":2,"column":35}},"1":{"start":{"line":5,"column":8},"end":{"line":10,"column":9}},"2":{"start":{"line":6,"column":26},"end":{"line":6,"column":46}},"3":{"start":{"line":7,"column":12},"end":{"line":7,"column":39}},"4":{"start":{"line":9,"column":12},"end":{"line":9,"column":23}},"5":{"start":{"line":14,"column":8},"end":{"line":19,"column":9}},"6":{"start":{"line":15,"column":26},"end":{"line":15,"column":46}},"7":{"start":{"line":16,"column":12},"end":{"line":16,"column":39}},"8":{"start":{"line":18,"column":12},"end":{"line":18,"column":23}},"9":{"start":{"line":23,"column":8},"end":{"line":31,"column":9}},"10":{"start":{"line":24,"column":25},"end":{"line":24,"column":59}},"11":{"start":{"line":25,"column":12},"end":{"line":27,"column":13}},"12":{"start":{"line":26,"column":16},"end":{"line":26,"column":48}},"13":{"start":{"line":28,"column":12},"end":{"line":28,"column":38}},"14":{"start":{"line":30,"column":12},"end":{"line":30,"column":23}},"15":{"start":{"line":35,"column":8},"end":{"line":41,"column":9}},"16":{"start":{"line":36,"column":52},"end":{"line":36,"column":60}},"17":{"start":{"line":37,"column":25},"end":{"line":37,"column":98}},"18":{"start":{"line":38,"column":12},"end":{"line":38,"column":38}},"19":{"start":{"line":40,"column":12},"end":{"line":40,"column":23}},"20":{"start":{"line":45,"column":8},"end":{"line":55,"column":9}},"21":{"start":{"line":46,"column":25},"end":{"line":46,"column":59}},"22":{"start":{"line":47,"column":12},"end":{"line":49,"column":13}},"23":{"start":{"line":48,"column":16},"end":{"line":48,"column":48}},"24":{"start":{"line":50,"column":52},"end":{"line":50,"column":60}},"25":{"start":{"line":51,"column":29},"end":{"line":51,"column":79}},"26":{"start":{"line":52,"column":12},"end":{"line":52,"column":42}},"27":{"start":{"line":54,"column":12},"end":{"line":54,"column":23}},"28":{"start":{"line":59,"column":8},"end":{"line":68,"column":9}},"29":{"start":{"line":60,"column":25},"end":{"line":60,"column":59}},"30":{"start":{"line":61,"column":12},"end":{"line":63,"column":13}},"31":{"start":{"line":62,"column":16},"end":{"line":62,"column":48}},"32":{"start":{"line":64,"column":12},"end":{"line":64,"column":32}},"33":{"start":{"line":65,"column":12},"end":{"line":65,"column":79}},"34":{"start":{"line":67,"column":12},"end":{"line":67,"column":23}},"35":{"start":{"line":72,"column":0},"end":{"line":72,"column":31}}},"fnMap":{"0":{"name":"(anonymous_0)","decl":{"start":{"line":4,"column":4},"end":{"line":4,"column":5}},"loc":{"start":{"line":4,"column":45},"end":{"line":11,"column":5}},"line":4},"1":{"name":"(anonymous_1)","decl":{"start":{"line":13,"column":4},"end":{"line":13,"column":5}},"loc":{"start":{"line":13,"column":42},"end":{"line":20,"column":5}},"line":13},"2":{"name":"(anonymous_2)","decl":{"start":{"line":22,"column":4},"end":{"line":22,"column":5}},"loc":{"start":{"line":22,"column":41},"end":{"line":32,"column":5}},"line":22},"3":{"name":"(anonymous_3)","decl":{"start":{"line":34,"column":4},"end":{"line":34,"column":5}},"loc":{"start":{"line":34,"column":44},"end":{"line":42,"column":5}},"line":34},"4":{"name":"(anonymous_4)","decl":{"start":{"line":44,"column":4},"end":{"line":44,"column":5}},"loc":{"start":{"line":44,"column":42},"end":{"line":56,"column":5}},"line":44},"5":{"name":"(anonymous_5)","decl":{"start":{"line":58,"column":4},"end":{"line":58,"column":5}},"loc":{"start":{"line":58,"column":45},"end":{"line":69,"column":5}},"line":58}},"branchMap":{"0":{"loc":{"start":{"line":25,"column":12},"end":{"line":27,"column":13}},"type":"if","locations":[{"start":{"line":25,"column":12},"end":{"line":27,"column":13}},{"start":{},"end":{}}],"line":25},"1":{"loc":{"start":{"line":47,"column":12},"end":{"line":49,"column":13}},"type":"if","locations":[{"start":{"line":47,"column":12},"end":{"line":49,"column":13}},{"start":{},"end":{}}],"line":47},"2":{"loc":{"start":{"line":61,"column":12},"end":{"line":63,"column":13}},"type":"if","locations":[{"start":{"line":61,"column":12},"end":{"line":63,"column":13}},{"start":{},"end":{}}],"line":61}},"s":{"0":14,"1":1,"2":1,"3":1,"4":0,"5":2,"6":2,"7":2,"8":0,"9":2,"10":2,"11":2,"12":1,"13":1,"14":1,"15":2,"16":2,"17":2,"18":1,"19":1,"20":3,"21":3,"22":3,"23":1,"24":2,"25":2,"26":1,"27":2,"28":2,"29":2,"30":2,"31":1,"32":1,"33":1,"34":1,"35":14},"f":{"0":1,"1":2,"2":2,"3":2,"4":3,"5":2},"b":{"0":[1,1],"1":[1,2],"2":[1,1]},"_coverageSchema":"1a1c01bbd47fc00a2c39e90264f33305004495a9","hash":"4e9f8838c9a8c1cf029f530976f8cf8fec8a7adc"}
,"C:\\data\\hacktiv8\\Project\\IP-RMT42\\server\\controllers\\PaymentController.js": {"path":"C:\\data\\hacktiv8\\Project\\IP-RMT42\\server\\controllers\\PaymentController.js","statementMap":{"0":{"start":{"line":1,"column":23},"end":{"line":1,"column":49}},"1":{"start":{"line":2,"column":30},"end":{"line":2,"column":50}},"2":{"start":{"line":6,"column":8},"end":{"line":49,"column":9}},"3":{"start":{"line":7,"column":23},"end":{"line":10,"column":14}},"4":{"start":{"line":11,"column":30},"end":{"line":13,"column":14}},"5":{"start":{"line":14,"column":27},"end":{"line":14,"column":59}},"6":{"start":{"line":16,"column":27},"end":{"line":16,"column":61}},"7":{"start":{"line":18,"column":26},"end":{"line":25,"column":14}},"8":{"start":{"line":27,"column":28},"end":{"line":44,"column":13}},"9":{"start":{"line":45,"column":29},"end":{"line":45,"column":68}},"10":{"start":{"line":46,"column":12},"end":{"line":46,"column":30}},"11":{"start":{"line":48,"column":12},"end":{"line":48,"column":23}},"12":{"start":{"line":53,"column":8},"end":{"line":85,"column":9}},"13":{"start":{"line":54,"column":35},"end":{"line":54,"column":43}},"14":{"start":{"line":55,"column":26},"end":{"line":55,"column":49}},"15":{"start":{"line":56,"column":36},"end":{"line":56,"column":69}},"16":{"start":{"line":57,"column":30},"end":{"line":57,"column":57}},"17":{"start":{"line":59,"column":26},"end":{"line":59,"column":74}},"18":{"start":{"line":61,"column":35},"end":{"line":70,"column":13}},"19":{"start":{"line":62,"column":16},"end":{"line":69,"column":18}},"20":{"start":{"line":71,"column":12},"end":{"line":81,"column":13}},"21":{"start":{"line":72,"column":16},"end":{"line":74,"column":17}},"22":{"start":{"line":73,"column":20},"end":{"line":73,"column":42}},"23":{"start":{"line":75,"column":19},"end":{"line":81,"column":13}},"24":{"start":{"line":76,"column":16},"end":{"line":76,"column":38}},"25":{"start":{"line":77,"column":19},"end":{"line":81,"column":13}},"26":{"start":{"line":80,"column":16},"end":{"line":80,"column":59}},"27":{"start":{"line":82,"column":12},"end":{"line":82,"column":49}},"28":{"start":{"line":84,"column":12},"end":{"line":84,"column":23}},"29":{"start":{"line":89,"column":8},"end":{"line":106,"column":9}},"30":{"start":{"line":90,"column":32},"end":{"line":102,"column":14}},"31":{"start":{"line":103,"column":12},"end":{"line":103,"column":45}},"32":{"start":{"line":105,"column":12},"end":{"line":105,"column":23}},"33":{"start":{"line":110,"column":8},"end":{"line":119,"column":9}},"34":{"start":{"line":111,"column":26},"end":{"line":111,"column":61}},"35":{"start":{"line":112,"column":12},"end":{"line":114,"column":13}},"36":{"start":{"line":113,"column":16},"end":{"line":113,"column":49}},"37":{"start":{"line":115,"column":27},"end":{"line":115,"column":73}},"38":{"start":{"line":116,"column":12},"end":{"line":116,"column":40}},"39":{"start":{"line":118,"column":12},"end":{"line":118,"column":23}},"40":{"start":{"line":123,"column":8},"end":{"line":132,"column":9}},"41":{"start":{"line":124,"column":26},"end":{"line":124,"column":61}},"42":{"start":{"line":125,"column":12},"end":{"line":127,"column":13}},"43":{"start":{"line":126,"column":16},"end":{"line":126,"column":49}},"44":{"start":{"line":128,"column":12},"end":{"line":128,"column":33}},"45":{"start":{"line":129,"column":12},"end":{"line":129,"column":97}},"46":{"start":{"line":131,"column":12},"end":{"line":131,"column":23}},"47":{"start":{"line":136,"column":0},"end":{"line":136,"column":34}}},"fnMap":{"0":{"name":"(anonymous_0)","decl":{"start":{"line":5,"column":4},"end":{"line":5,"column":5}},"loc":{"start":{"line":5,"column":50},"end":{"line":50,"column":5}},"line":5},"1":{"name":"(anonymous_1)","decl":{"start":{"line":52,"column":4},"end":{"line":52,"column":5}},"loc":{"start":{"line":52,"column":57},"end":{"line":86,"column":5}},"line":52},"2":{"name":"(anonymous_2)","decl":{"start":{"line":61,"column":35},"end":{"line":61,"column":36}},"loc":{"start":{"line":61,"column":47},"end":{"line":70,"column":13}},"line":61},"3":{"name":"(anonymous_3)","decl":{"start":{"line":88,"column":4},"end":{"line":88,"column":5}},"loc":{"start":{"line":88,"column":49},"end":{"line":107,"column":5}},"line":88},"4":{"name":"(anonymous_4)","decl":{"start":{"line":109,"column":4},"end":{"line":109,"column":5}},"loc":{"start":{"line":109,"column":53},"end":{"line":120,"column":5}},"line":109},"5":{"name":"(anonymous_5)","decl":{"start":{"line":122,"column":4},"end":{"line":122,"column":5}},"loc":{"start":{"line":122,"column":47},"end":{"line":133,"column":5}},"line":122}},"branchMap":{"0":{"loc":{"start":{"line":14,"column":27},"end":{"line":14,"column":59}},"type":"cond-expr","locations":[{"start":{"line":14,"column":39},"end":{"line":14,"column":55}},{"start":{"line":14,"column":58},"end":{"line":14,"column":59}}],"line":14},"1":{"loc":{"start":{"line":71,"column":12},"end":{"line":81,"column":13}},"type":"if","locations":[{"start":{"line":71,"column":12},"end":{"line":81,"column":13}},{"start":{"line":75,"column":19},"end":{"line":81,"column":13}}],"line":71},"2":{"loc":{"start":{"line":72,"column":16},"end":{"line":74,"column":17}},"type":"if","locations":[{"start":{"line":72,"column":16},"end":{"line":74,"column":17}},{"start":{},"end":{}}],"line":72},"3":{"loc":{"start":{"line":75,"column":19},"end":{"line":81,"column":13}},"type":"if","locations":[{"start":{"line":75,"column":19},"end":{"line":81,"column":13}},{"start":{"line":77,"column":19},"end":{"line":81,"column":13}}],"line":75},"4":{"loc":{"start":{"line":77,"column":19},"end":{"line":81,"column":13}},"type":"if","locations":[{"start":{"line":77,"column":19},"end":{"line":81,"column":13}},{"start":{},"end":{}}],"line":77},"5":{"loc":{"start":{"line":77,"column":23},"end":{"line":79,"column":45}},"type":"binary-expr","locations":[{"start":{"line":77,"column":23},"end":{"line":77,"column":52}},{"start":{"line":78,"column":16},"end":{"line":78,"column":43}},{"start":{"line":79,"column":16},"end":{"line":79,"column":45}}],"line":77},"6":{"loc":{"start":{"line":112,"column":12},"end":{"line":114,"column":13}},"type":"if","locations":[{"start":{"line":112,"column":12},"end":{"line":114,"column":13}},{"start":{},"end":{}}],"line":112},"7":{"loc":{"start":{"line":125,"column":12},"end":{"line":127,"column":13}},"type":"if","locations":[{"start":{"line":125,"column":12},"end":{"line":127,"column":13}},{"start":{},"end":{}}],"line":125}},"s":{"0":14,"1":14,"2":0,"3":0,"4":0,"5":0,"6":0,"7":0,"8":0,"9":0,"10":0,"11":0,"12":0,"13":0,"14":0,"15":0,"16":0,"17":0,"18":0,"19":0,"20":0,"21":0,"22":0,"23":0,"24":0,"25":0,"26":0,"27":0,"28":0,"29":1,"30":1,"31":1,"32":0,"33":2,"34":2,"35":2,"36":1,"37":1,"38":1,"39":1,"40":2,"41":2,"42":2,"43":1,"44":1,"45":1,"46":1,"47":14},"f":{"0":0,"1":0,"2":0,"3":1,"4":2,"5":2},"b":{"0":[0,0],"1":[0,0],"2":[0,0],"3":[0,0],"4":[0,0],"5":[0,0,0],"6":[1,1],"7":[1,1]},"_coverageSchema":"1a1c01bbd47fc00a2c39e90264f33305004495a9","hash":"b21b5dfdbc71f0e921583342da2612a23c2e321c"}
,"C:\\data\\hacktiv8\\Project\\IP-RMT42\\server\\controllers\\ProfileController.js": {"path":"C:\\data\\hacktiv8\\Project\\IP-RMT42\\server\\controllers\\ProfileController.js","statementMap":{"0":{"start":{"line":1,"column":18},"end":{"line":1,"column":38}},"1":{"start":{"line":2,"column":18},"end":{"line":2,"column":38}},"2":{"start":{"line":5,"column":8},"end":{"line":14,"column":9}},"3":{"start":{"line":6,"column":26},"end":{"line":10,"column":14}},"4":{"start":{"line":11,"column":12},"end":{"line":11,"column":41}},"5":{"start":{"line":13,"column":12},"end":{"line":13,"column":23}},"6":{"start":{"line":18,"column":8},"end":{"line":28,"column":9}},"7":{"start":{"line":19,"column":53},"end":{"line":19,"column":61}},"8":{"start":{"line":20,"column":30},"end":{"line":24,"column":14}},"9":{"start":{"line":25,"column":12},"end":{"line":25,"column":45}},"10":{"start":{"line":27,"column":12},"end":{"line":27,"column":23}},"11":{"start":{"line":32,"column":0},"end":{"line":32,"column":34}}},"fnMap":{"0":{"name":"(anonymous_0)","decl":{"start":{"line":4,"column":4},"end":{"line":4,"column":5}},"loc":{"start":{"line":4,"column":44},"end":{"line":15,"column":5}},"line":4},"1":{"name":"(anonymous_1)","decl":{"start":{"line":17,"column":4},"end":{"line":17,"column":5}},"loc":{"start":{"line":17,"column":45},"end":{"line":29,"column":5}},"line":17}},"branchMap":{},"s":{"0":14,"1":14,"2":1,"3":1,"4":1,"5":0,"6":1,"7":1,"8":1,"9":1,"10":0,"11":14},"f":{"0":1,"1":1},"b":{},"_coverageSchema":"1a1c01bbd47fc00a2c39e90264f33305004495a9","hash":"d67d3959b57d254a80b18d1489195545c594ec13"}
,"C:\\data\\hacktiv8\\Project\\IP-RMT42\\server\\controllers\\UserController.js": {"path":"C:\\data\\hacktiv8\\Project\\IP-RMT42\\server\\controllers\\UserController.js","statementMap":{"0":{"start":{"line":1,"column":28},"end":{"line":1,"column":55}},"1":{"start":{"line":2,"column":22},"end":{"line":2,"column":46}},"2":{"start":{"line":3,"column":17},"end":{"line":3,"column":37}},"3":{"start":{"line":4,"column":20},"end":{"line":4,"column":40}},"4":{"start":{"line":5,"column":25},"end":{"line":5,"column":55}},"5":{"start":{"line":6,"column":15},"end":{"line":6,"column":33}},"6":{"start":{"line":9,"column":8},"end":{"line":16,"column":9}},"7":{"start":{"line":10,"column":50},"end":{"line":10,"column":58}},"8":{"start":{"line":11,"column":25},"end":{"line":11,"column":73}},"9":{"start":{"line":12,"column":12},"end":{"line":12,"column":53}},"10":{"start":{"line":13,"column":12},"end":{"line":13,"column":72}},"11":{"start":{"line":15,"column":12},"end":{"line":15,"column":23}},"12":{"start":{"line":20,"column":8},"end":{"line":40,"column":9}},"13":{"start":{"line":21,"column":40},"end":{"line":21,"column":48}},"14":{"start":{"line":22,"column":12},"end":{"line":24,"column":13}},"15":{"start":{"line":23,"column":16},"end":{"line":23,"column":53}},"16":{"start":{"line":25,"column":12},"end":{"line":27,"column":13}},"17":{"start":{"line":26,"column":16},"end":{"line":26,"column":56}},"18":{"start":{"line":28,"column":25},"end":{"line":28,"column":72}},"19":{"start":{"line":29,"column":12},"end":{"line":31,"column":13}},"20":{"start":{"line":30,"column":16},"end":{"line":30,"column":48}},"21":{"start":{"line":32,"column":35},"end":{"line":32,"column":75}},"22":{"start":{"line":33,"column":12},"end":{"line":35,"column":13}},"23":{"start":{"line":34,"column":16},"end":{"line":34,"column":48}},"24":{"start":{"line":36,"column":33},"end":{"line":36,"column":59}},"25":{"start":{"line":37,"column":12},"end":{"line":37,"column":69}},"26":{"start":{"line":39,"column":12},"end":{"line":39,"column":23}},"27":{"start":{"line":44,"column":8},"end":{"line":68,"column":9}},"28":{"start":{"line":45,"column":27},"end":{"line":48,"column":14}},"29":{"start":{"line":49,"column":28},"end":{"line":49,"column":47}},"30":{"start":{"line":51,"column":23},"end":{"line":55,"column":14}},"31":{"start":{"line":56,"column":12},"end":{"line":63,"column":13}},"32":{"start":{"line":57,"column":16},"end":{"line":61,"column":18}},"33":{"start":{"line":62,"column":16},"end":{"line":62,"column":57}},"34":{"start":{"line":64,"column":33},"end":{"line":64,"column":59}},"35":{"start":{"line":65,"column":12},"end":{"line":65,"column":69}},"36":{"start":{"line":67,"column":12},"end":{"line":67,"column":23}},"37":{"start":{"line":72,"column":0},"end":{"line":72,"column":31}}},"fnMap":{"0":{"name":"(anonymous_0)","decl":{"start":{"line":8,"column":4},"end":{"line":8,"column":5}},"loc":{"start":{"line":8,"column":44},"end":{"line":17,"column":5}},"line":8},"1":{"name":"(anonymous_1)","decl":{"start":{"line":19,"column":4},"end":{"line":19,"column":5}},"loc":{"start":{"line":19,"column":43},"end":{"line":41,"column":5}},"line":19},"2":{"name":"(anonymous_2)","decl":{"start":{"line":43,"column":4},"end":{"line":43,"column":5}},"loc":{"start":{"line":43,"column":45},"end":{"line":69,"column":5}},"line":43}},"branchMap":{"0":{"loc":{"start":{"line":22,"column":12},"end":{"line":24,"column":13}},"type":"if","locations":[{"start":{"line":22,"column":12},"end":{"line":24,"column":13}},{"start":{},"end":{}}],"line":22},"1":{"loc":{"start":{"line":25,"column":12},"end":{"line":27,"column":13}},"type":"if","locations":[{"start":{"line":25,"column":12},"end":{"line":27,"column":13}},{"start":{},"end":{}}],"line":25},"2":{"loc":{"start":{"line":29,"column":12},"end":{"line":31,"column":13}},"type":"if","locations":[{"start":{"line":29,"column":12},"end":{"line":31,"column":13}},{"start":{},"end":{}}],"line":29},"3":{"loc":{"start":{"line":33,"column":12},"end":{"line":35,"column":13}},"type":"if","locations":[{"start":{"line":33,"column":12},"end":{"line":35,"column":13}},{"start":{},"end":{}}],"line":33},"4":{"loc":{"start":{"line":56,"column":12},"end":{"line":63,"column":13}},"type":"if","locations":[{"start":{"line":56,"column":12},"end":{"line":63,"column":13}},{"start":{},"end":{}}],"line":56}},"s":{"0":14,"1":14,"2":14,"3":14,"4":14,"5":14,"6":9,"7":9,"8":9,"9":1,"10":1,"11":8,"12":5,"13":5,"14":5,"15":1,"16":4,"17":1,"18":3,"19":3,"20":2,"21":1,"22":1,"23":0,"24":1,"25":1,"26":4,"27":0,"28":0,"29":0,"30":0,"31":0,"32":0,"33":0,"34":0,"35":0,"36":0,"37":14},"f":{"0":9,"1":5,"2":0},"b":{"0":[1,4],"1":[1,3],"2":[2,1],"3":[0,1],"4":[0,0]},"_coverageSchema":"1a1c01bbd47fc00a2c39e90264f33305004495a9","hash":"b122a78cbb627a1f3b24d1086eb303a1ad16143a"}
,"C:\\data\\hacktiv8\\Project\\IP-RMT42\\server\\helper\\bcrypt.js": {"path":"C:\\data\\hacktiv8\\Project\\IP-RMT42\\server\\helper\\bcrypt.js","statementMap":{"0":{"start":{"line":1,"column":15},"end":{"line":1,"column":32}},"1":{"start":{"line":3,"column":21},"end":{"line":6,"column":1}},"2":{"start":{"line":4,"column":17},"end":{"line":4,"column":39}},"3":{"start":{"line":5,"column":4},"end":{"line":5,"column":42}},"4":{"start":{"line":8,"column":24},"end":{"line":10,"column":1}},"5":{"start":{"line":9,"column":4},"end":{"line":9,"column":55}},"6":{"start":{"line":12,"column":0},"end":{"line":12,"column":48}}},"fnMap":{"0":{"name":"(anonymous_0)","decl":{"start":{"line":3,"column":21},"end":{"line":3,"column":22}},"loc":{"start":{"line":3,"column":35},"end":{"line":6,"column":1}},"line":3},"1":{"name":"(anonymous_1)","decl":{"start":{"line":8,"column":24},"end":{"line":8,"column":25}},"loc":{"start":{"line":8,"column":54},"end":{"line":10,"column":1}},"line":8}},"branchMap":{},"s":{"0":14,"1":14,"2":21,"3":21,"4":14,"5":1,"6":14},"f":{"0":21,"1":1},"b":{},"_coverageSchema":"1a1c01bbd47fc00a2c39e90264f33305004495a9","hash":"9d87a87dd928090e3189ffe640445f476dd77975"}
,"C:\\data\\hacktiv8\\Project\\IP-RMT42\\server\\helper\\jwt.js": {"path":"C:\\data\\hacktiv8\\Project\\IP-RMT42\\server\\helper\\jwt.js","statementMap":{"0":{"start":{"line":1,"column":12},"end":{"line":1,"column":35}},"1":{"start":{"line":3,"column":15},"end":{"line":3,"column":33}},"2":{"start":{"line":5,"column":18},"end":{"line":7,"column":1}},"3":{"start":{"line":6,"column":4},"end":{"line":6,"column":36}},"4":{"start":{"line":9,"column":20},"end":{"line":11,"column":1}},"5":{"start":{"line":10,"column":4},"end":{"line":10,"column":36}},"6":{"start":{"line":13,"column":0},"end":{"line":13,"column":41}}},"fnMap":{"0":{"name":"(anonymous_0)","decl":{"start":{"line":5,"column":18},"end":{"line":5,"column":19}},"loc":{"start":{"line":5,"column":31},"end":{"line":7,"column":1}},"line":5},"1":{"name":"(anonymous_1)","decl":{"start":{"line":9,"column":20},"end":{"line":9,"column":21}},"loc":{"start":{"line":9,"column":31},"end":{"line":11,"column":1}},"line":9}},"branchMap":{},"s":{"0":14,"1":14,"2":14,"3":17,"4":14,"5":34,"6":14},"f":{"0":17,"1":34},"b":{},"_coverageSchema":"1a1c01bbd47fc00a2c39e90264f33305004495a9","hash":"55770bda16db3979f94bb71fcf2c2007e6e93a7c"}
,"C:\\data\\hacktiv8\\Project\\IP-RMT42\\server\\middlewares\\authentication.js": {"path":"C:\\data\\hacktiv8\\Project\\IP-RMT42\\server\\middlewares\\authentication.js","statementMap":{"0":{"start":{"line":1,"column":24},"end":{"line":1,"column":48}},"1":{"start":{"line":2,"column":15},"end":{"line":2,"column":35}},"2":{"start":{"line":4,"column":4},"end":{"line":23,"column":5}},"3":{"start":{"line":5,"column":27},"end":{"line":5,"column":52}},"4":{"start":{"line":6,"column":8},"end":{"line":8,"column":9}},"5":{"start":{"line":7,"column":12},"end":{"line":7,"column":43}},"6":{"start":{"line":9,"column":22},"end":{"line":9,"column":61}},"7":{"start":{"line":10,"column":19},"end":{"line":10,"column":50}},"8":{"start":{"line":11,"column":8},"end":{"line":13,"column":9}},"9":{"start":{"line":12,"column":12},"end":{"line":12,"column":43}},"10":{"start":{"line":14,"column":8},"end":{"line":19,"column":9}},"11":{"start":{"line":20,"column":8},"end":{"line":20,"column":14}},"12":{"start":{"line":22,"column":8},"end":{"line":22,"column":19}},"13":{"start":{"line":26,"column":0},"end":{"line":26,"column":31}}},"fnMap":{"0":{"name":"authentication","decl":{"start":{"line":3,"column":15},"end":{"line":3,"column":29}},"loc":{"start":{"line":3,"column":46},"end":{"line":24,"column":1}},"line":3}},"branchMap":{"0":{"loc":{"start":{"line":6,"column":8},"end":{"line":8,"column":9}},"type":"if","locations":[{"start":{"line":6,"column":8},"end":{"line":8,"column":9}},{"start":{},"end":{}}],"line":6},"1":{"loc":{"start":{"line":11,"column":8},"end":{"line":13,"column":9}},"type":"if","locations":[{"start":{"line":11,"column":8},"end":{"line":13,"column":9}},{"start":{},"end":{}}],"line":11}},"s":{"0":14,"1":14,"2":45,"3":45,"4":45,"5":11,"6":34,"7":23,"8":23,"9":0,"10":23,"11":23,"12":22,"13":14},"f":{"0":45},"b":{"0":[11,34],"1":[0,23]},"_coverageSchema":"1a1c01bbd47fc00a2c39e90264f33305004495a9","hash":"9889b1e82a64a3e4aa24b0768024666247a50c79"}
,"C:\\data\\hacktiv8\\Project\\IP-RMT42\\server\\middlewares\\authorization.js": {"path":"C:\\data\\hacktiv8\\Project\\IP-RMT42\\server\\middlewares\\authorization.js","statementMap":{"0":{"start":{"line":2,"column":4},"end":{"line":10,"column":5}},"1":{"start":{"line":3,"column":8},"end":{"line":7,"column":9}},"2":{"start":{"line":4,"column":12},"end":{"line":4,"column":18}},"3":{"start":{"line":6,"column":12},"end":{"line":6,"column":41}},"4":{"start":{"line":9,"column":8},"end":{"line":9,"column":19}},"5":{"start":{"line":13,"column":0},"end":{"line":13,"column":42}}},"fnMap":{"0":{"name":"guardAuthorizationAdmin","decl":{"start":{"line":1,"column":15},"end":{"line":1,"column":38}},"loc":{"start":{"line":1,"column":55},"end":{"line":11,"column":1}},"line":1}},"branchMap":{"0":{"loc":{"start":{"line":3,"column":8},"end":{"line":7,"column":9}},"type":"if","locations":[{"start":{"line":3,"column":8},"end":{"line":7,"column":9}},{"start":{"line":5,"column":15},"end":{"line":7,"column":9}}],"line":3}},"s":{"0":15,"1":15,"2":10,"3":5,"4":5,"5":14},"f":{"0":15},"b":{"0":[10,5]},"_coverageSchema":"1a1c01bbd47fc00a2c39e90264f33305004495a9","hash":"fc8603cd22cdea9696f6927263903dab97ab33ee"}
,"C:\\data\\hacktiv8\\Project\\IP-RMT42\\server\\middlewares\\errorHandler.js": {"path":"C:\\data\\hacktiv8\\Project\\IP-RMT42\\server\\middlewares\\errorHandler.js","statementMap":{"0":{"start":{"line":2,"column":4},"end":{"line":31,"column":5}},"1":{"start":{"line":3,"column":8},"end":{"line":3,"column":60}},"2":{"start":{"line":4,"column":11},"end":{"line":31,"column":5}},"3":{"start":{"line":5,"column":8},"end":{"line":5,"column":60}},"4":{"start":{"line":6,"column":11},"end":{"line":31,"column":5}},"5":{"start":{"line":7,"column":21},"end":{"line":9,"column":10}},"6":{"start":{"line":8,"column":12},"end":{"line":8,"column":30}},"7":{"start":{"line":10,"column":8},"end":{"line":10,"column":49}},"8":{"start":{"line":11,"column":11},"end":{"line":31,"column":5}},"9":{"start":{"line":12,"column":21},"end":{"line":14,"column":10}},"10":{"start":{"line":13,"column":12},"end":{"line":13,"column":30}},"11":{"start":{"line":15,"column":8},"end":{"line":15,"column":49}},"12":{"start":{"line":16,"column":11},"end":{"line":31,"column":5}},"13":{"start":{"line":17,"column":8},"end":{"line":17,"column":63}},"14":{"start":{"line":18,"column":11},"end":{"line":31,"column":5}},"15":{"start":{"line":19,"column":8},"end":{"line":19,"column":66}},"16":{"start":{"line":20,"column":11},"end":{"line":31,"column":5}},"17":{"start":{"line":21,"column":8},"end":{"line":21,"column":67}},"18":{"start":{"line":22,"column":11},"end":{"line":31,"column":5}},"19":{"start":{"line":23,"column":8},"end":{"line":23,"column":59}},"20":{"start":{"line":24,"column":11},"end":{"line":31,"column":5}},"21":{"start":{"line":25,"column":8},"end":{"line":25,"column":62}},"22":{"start":{"line":26,"column":11},"end":{"line":31,"column":5}},"23":{"start":{"line":27,"column":8},"end":{"line":27,"column":60}},"24":{"start":{"line":29,"column":8},"end":{"line":29,"column":48}},"25":{"start":{"line":30,"column":8},"end":{"line":30,"column":66}},"26":{"start":{"line":34,"column":0},"end":{"line":34,"column":29}}},"fnMap":{"0":{"name":"errorHandler","decl":{"start":{"line":1,"column":9},"end":{"line":1,"column":21}},"loc":{"start":{"line":1,"column":45},"end":{"line":32,"column":1}},"line":1},"1":{"name":"(anonymous_1)","decl":{"start":{"line":7,"column":38},"end":{"line":7,"column":39}},"loc":{"start":{"line":7,"column":47},"end":{"line":9,"column":9}},"line":7},"2":{"name":"(anonymous_2)","decl":{"start":{"line":12,"column":38},"end":{"line":12,"column":39}},"loc":{"start":{"line":12,"column":47},"end":{"line":14,"column":9}},"line":12}},"branchMap":{"0":{"loc":{"start":{"line":2,"column":4},"end":{"line":31,"column":5}},"type":"if","locations":[{"start":{"line":2,"column":4},"end":{"line":31,"column":5}},{"start":{"line":4,"column":11},"end":{"line":31,"column":5}}],"line":2},"1":{"loc":{"start":{"line":2,"column":8},"end":{"line":2,"column":74}},"type":"binary-expr","locations":[{"start":{"line":2,"column":8},"end":{"line":2,"column":42}},{"start":{"line":2,"column":46},"end":{"line":2,"column":74}}],"line":2},"2":{"loc":{"start":{"line":4,"column":11},"end":{"line":31,"column":5}},"type":"if","locations":[{"start":{"line":4,"column":11},"end":{"line":31,"column":5}},{"start":{"line":6,"column":11},"end":{"line":31,"column":5}}],"line":4},"3":{"loc":{"start":{"line":6,"column":11},"end":{"line":31,"column":5}},"type":"if","locations":[{"start":{"line":6,"column":11},"end":{"line":31,"column":5}},{"start":{"line":11,"column":11},"end":{"line":31,"column":5}}],"line":6},"4":{"loc":{"start":{"line":11,"column":11},"end":{"line":31,"column":5}},"type":"if","locations":[{"start":{"line":11,"column":11},"end":{"line":31,"column":5}},{"start":{"line":16,"column":11},"end":{"line":31,"column":5}}],"line":11},"5":{"loc":{"start":{"line":16,"column":11},"end":{"line":31,"column":5}},"type":"if","locations":[{"start":{"line":16,"column":11},"end":{"line":31,"column":5}},{"start":{"line":18,"column":11},"end":{"line":31,"column":5}}],"line":16},"6":{"loc":{"start":{"line":18,"column":11},"end":{"line":31,"column":5}},"type":"if","locations":[{"start":{"line":18,"column":11},"end":{"line":31,"column":5}},{"start":{"line":20,"column":11},"end":{"line":31,"column":5}}],"line":18},"7":{"loc":{"start":{"line":20,"column":11},"end":{"line":31,"column":5}},"type":"if","locations":[{"start":{"line":20,"column":11},"end":{"line":31,"column":5}},{"start":{"line":22,"column":11},"end":{"line":31,"column":5}}],"line":20},"8":{"loc":{"start":{"line":22,"column":11},"end":{"line":31,"column":5}},"type":"if","locations":[{"start":{"line":22,"column":11},"end":{"line":31,"column":5}},{"start":{"line":24,"column":11},"end":{"line":31,"column":5}}],"line":22},"9":{"loc":{"start":{"line":24,"column":11},"end":{"line":31,"column":5}},"type":"if","locations":[{"start":{"line":24,"column":11},"end":{"line":31,"column":5}},{"start":{"line":26,"column":11},"end":{"line":31,"column":5}}],"line":24},"10":{"loc":{"start":{"line":26,"column":11},"end":{"line":31,"column":5}},"type":"if","locations":[{"start":{"line":26,"column":11},"end":{"line":31,"column":5}},{"start":{"line":28,"column":11},"end":{"line":31,"column":5}}],"line":26}},"s":{"0":46,"1":22,"2":24,"3":5,"4":19,"5":9,"6":15,"7":9,"8":10,"9":1,"10":1,"11":1,"12":9,"13":1,"14":8,"15":1,"16":7,"17":2,"18":5,"19":3,"20":2,"21":0,"22":2,"23":2,"24":0,"25":0,"26":14},"f":{"0":46,"1":15,"2":1},"b":{"0":[22,24],"1":[46,35],"2":[5,19],"3":[9,10],"4":[1,9],"5":[1,8],"6":[1,7],"7":[2,5],"8":[3,2],"9":[0,2],"10":[2,0]},"_coverageSchema":"1a1c01bbd47fc00a2c39e90264f33305004495a9","hash":"6b114339ab4b2d016df26f3d366824e7db4fb04a"}
,"C:\\data\\hacktiv8\\Project\\IP-RMT42\\server\\models\\food.js": {"path":"C:\\data\\hacktiv8\\Project\\IP-RMT42\\server\\models\\food.js","statementMap":{"0":{"start":{"line":4,"column":4},"end":{"line":4,"column":24}},"1":{"start":{"line":5,"column":0},"end":{"line":79,"column":2}},"2":{"start":{"line":13,"column":6},"end":{"line":13,"column":33}},"3":{"start":{"line":14,"column":6},"end":{"line":14,"column":32}},"4":{"start":{"line":17,"column":2},"end":{"line":77,"column":5}},"5":{"start":{"line":78,"column":2},"end":{"line":78,"column":14}}},"fnMap":{"0":{"name":"(anonymous_0)","decl":{"start":{"line":5,"column":17},"end":{"line":5,"column":18}},"loc":{"start":{"line":5,"column":43},"end":{"line":79,"column":1}},"line":5},"1":{"name":"(anonymous_1)","decl":{"start":{"line":12,"column":4},"end":{"line":12,"column":5}},"loc":{"start":{"line":12,"column":29},"end":{"line":15,"column":5}},"line":12}},"branchMap":{},"s":{"0":14,"1":14,"2":14,"3":14,"4":14,"5":14},"f":{"0":14,"1":14},"b":{},"_coverageSchema":"1a1c01bbd47fc00a2c39e90264f33305004495a9","hash":"60dcec52d907ec8ca40766b886c1f926a9d3c952"}
,"C:\\data\\hacktiv8\\Project\\IP-RMT42\\server\\models\\index.js": {"path":"C:\\data\\hacktiv8\\Project\\IP-RMT42\\server\\models\\index.js","statementMap":{"0":{"start":{"line":3,"column":11},"end":{"line":3,"column":24}},"1":{"start":{"line":4,"column":13},"end":{"line":4,"column":28}},"2":{"start":{"line":5,"column":18},"end":{"line":5,"column":38}},"3":{"start":{"line":6,"column":16},"end":{"line":6,"column":34}},"4":{"start":{"line":7,"column":17},"end":{"line":7,"column":42}},"5":{"start":{"line":8,"column":12},"end":{"line":8,"column":49}},"6":{"start":{"line":9,"column":15},"end":{"line":9,"column":65}},"7":{"start":{"line":10,"column":11},"end":{"line":10,"column":13}},"8":{"start":{"line":13,"column":0},"end":{"line":17,"column":1}},"9":{"start":{"line":14,"column":2},"end":{"line":14,"column":74}},"10":{"start":{"line":16,"column":2},"end":{"line":16,"column":87}},"11":{"start":{"line":19,"column":0},"end":{"line":32,"column":5}},"12":{"start":{"line":22,"column":4},"end":{"line":27,"column":6}},"13":{"start":{"line":30,"column":18},"end":{"line":30,"column":85}},"14":{"start":{"line":31,"column":4},"end":{"line":31,"column":27}},"15":{"start":{"line":34,"column":0},"end":{"line":38,"column":3}},"16":{"start":{"line":35,"column":2},"end":{"line":37,"column":3}},"17":{"start":{"line":36,"column":4},"end":{"line":36,"column":32}},"18":{"start":{"line":40,"column":0},"end":{"line":40,"column":25}},"19":{"start":{"line":41,"column":0},"end":{"line":41,"column":25}},"20":{"start":{"line":43,"column":0},"end":{"line":43,"column":20}}},"fnMap":{"0":{"name":"(anonymous_0)","decl":{"start":{"line":21,"column":10},"end":{"line":21,"column":11}},"loc":{"start":{"line":21,"column":18},"end":{"line":28,"column":3}},"line":21},"1":{"name":"(anonymous_1)","decl":{"start":{"line":29,"column":11},"end":{"line":29,"column":12}},"loc":{"start":{"line":29,"column":19},"end":{"line":32,"column":3}},"line":29},"2":{"name":"(anonymous_2)","decl":{"start":{"line":34,"column":24},"end":{"line":34,"column":25}},"loc":{"start":{"line":34,"column":37},"end":{"line":38,"column":1}},"line":34}},"branchMap":{"0":{"loc":{"start":{"line":8,"column":12},"end":{"line":8,"column":49}},"type":"binary-expr","locations":[{"start":{"line":8,"column":12},"end":{"line":8,"column":32}},{"start":{"line":8,"column":36},"end":{"line":8,"column":49}}],"line":8},"1":{"loc":{"start":{"line":13,"column":0},"end":{"line":17,"column":1}},"type":"if","locations":[{"start":{"line":13,"column":0},"end":{"line":17,"column":1}},{"start":{"line":15,"column":7},"end":{"line":17,"column":1}}],"line":13},"2":{"loc":{"start":{"line":23,"column":6},"end":{"line":26,"column":37}},"type":"binary-expr","locations":[{"start":{"line":23,"column":6},"end":{"line":23,"column":29}},{"start":{"line":24,"column":6},"end":{"line":24,"column":23}},{"start":{"line":25,"column":6},"end":{"line":25,"column":30}},{"start":{"line":26,"column":6},"end":{"line":26,"column":37}}],"line":23},"3":{"loc":{"start":{"line":35,"column":2},"end":{"line":37,"column":3}},"type":"if","locations":[{"start":{"line":35,"column":2},"end":{"line":37,"column":3}},{"start":{},"end":{}}],"line":35}},"s":{"0":14,"1":14,"2":14,"3":14,"4":14,"5":14,"6":14,"7":14,"8":14,"9":0,"10":14,"11":14,"12":70,"13":56,"14":56,"15":14,"16":56,"17":56,"18":14,"19":14,"20":14},"f":{"0":70,"1":56,"2":56},"b":{"0":[14,0],"1":[0,14],"2":[70,70,56,56],"3":[56,0]},"_coverageSchema":"1a1c01bbd47fc00a2c39e90264f33305004495a9","hash":"aec7b1b62aea1d27ae90d759125379bfc33bdd09"}
,"C:\\data\\hacktiv8\\Project\\IP-RMT42\\server\\models\\order.js": {"path":"C:\\data\\hacktiv8\\Project\\IP-RMT42\\server\\models\\order.js","statementMap":{"0":{"start":{"line":4,"column":4},"end":{"line":4,"column":24}},"1":{"start":{"line":5,"column":0},"end":{"line":63,"column":2}},"2":{"start":{"line":13,"column":6},"end":{"line":13,"column":34}},"3":{"start":{"line":14,"column":6},"end":{"line":14,"column":34}},"4":{"start":{"line":17,"column":2},"end":{"line":61,"column":5}},"5":{"start":{"line":62,"column":2},"end":{"line":62,"column":15}}},"fnMap":{"0":{"name":"(anonymous_0)","decl":{"start":{"line":5,"column":17},"end":{"line":5,"column":18}},"loc":{"start":{"line":5,"column":43},"end":{"line":63,"column":1}},"line":5},"1":{"name":"(anonymous_1)","decl":{"start":{"line":12,"column":4},"end":{"line":12,"column":5}},"loc":{"start":{"line":12,"column":29},"end":{"line":15,"column":5}},"line":12}},"branchMap":{},"s":{"0":14,"1":14,"2":14,"3":14,"4":14,"5":14},"f":{"0":14,"1":14},"b":{},"_coverageSchema":"1a1c01bbd47fc00a2c39e90264f33305004495a9","hash":"e9df4605f2ac25a0b97fc6ffad53a8496550440d"}
,"C:\\data\\hacktiv8\\Project\\IP-RMT42\\server\\models\\profile.js": {"path":"C:\\data\\hacktiv8\\Project\\IP-RMT42\\server\\models\\profile.js","statementMap":{"0":{"start":{"line":4,"column":4},"end":{"line":4,"column":24}},"1":{"start":{"line":5,"column":0},"end":{"line":36,"column":2}},"2":{"start":{"line":13,"column":6},"end":{"line":13,"column":36}},"3":{"start":{"line":16,"column":2},"end":{"line":34,"column":5}},"4":{"start":{"line":35,"column":2},"end":{"line":35,"column":17}}},"fnMap":{"0":{"name":"(anonymous_0)","decl":{"start":{"line":5,"column":17},"end":{"line":5,"column":18}},"loc":{"start":{"line":5,"column":43},"end":{"line":36,"column":1}},"line":5},"1":{"name":"(anonymous_1)","decl":{"start":{"line":12,"column":4},"end":{"line":12,"column":5}},"loc":{"start":{"line":12,"column":29},"end":{"line":14,"column":5}},"line":12}},"branchMap":{},"s":{"0":14,"1":14,"2":14,"3":14,"4":14},"f":{"0":14,"1":14},"b":{},"_coverageSchema":"1a1c01bbd47fc00a2c39e90264f33305004495a9","hash":"6beb8781bfe8fcc37da01fbe2611bf810aead38d"}
,"C:\\data\\hacktiv8\\Project\\IP-RMT42\\server\\models\\user.js": {"path":"C:\\data\\hacktiv8\\Project\\IP-RMT42\\server\\models\\user.js","statementMap":{"0":{"start":{"line":4,"column":4},"end":{"line":4,"column":24}},"1":{"start":{"line":5,"column":25},"end":{"line":5,"column":52}},"2":{"start":{"line":6,"column":0},"end":{"line":78,"column":2}},"3":{"start":{"line":14,"column":6},"end":{"line":14,"column":31}},"4":{"start":{"line":15,"column":6},"end":{"line":15,"column":33}},"5":{"start":{"line":16,"column":6},"end":{"line":16,"column":32}},"6":{"start":{"line":19,"column":2},"end":{"line":73,"column":5}},"7":{"start":{"line":74,"column":2},"end":{"line":76,"column":4}},"8":{"start":{"line":75,"column":4},"end":{"line":75,"column":55}},"9":{"start":{"line":77,"column":2},"end":{"line":77,"column":14}}},"fnMap":{"0":{"name":"(anonymous_0)","decl":{"start":{"line":6,"column":17},"end":{"line":6,"column":18}},"loc":{"start":{"line":6,"column":43},"end":{"line":78,"column":1}},"line":6},"1":{"name":"(anonymous_1)","decl":{"start":{"line":13,"column":4},"end":{"line":13,"column":5}},"loc":{"start":{"line":13,"column":29},"end":{"line":17,"column":5}},"line":13},"2":{"name":"(anonymous_2)","decl":{"start":{"line":74,"column":20},"end":{"line":74,"column":21}},"loc":{"start":{"line":74,"column":34},"end":{"line":76,"column":3}},"line":74}},"branchMap":{},"s":{"0":14,"1":14,"2":14,"3":14,"4":14,"5":14,"6":14,"7":14,"8":21,"9":14},"f":{"0":14,"1":14,"2":21},"b":{},"_coverageSchema":"1a1c01bbd47fc00a2c39e90264f33305004495a9","hash":"ee9afdc66f296e4307aed86de718315c62387cc8"}
,"C:\\data\\hacktiv8\\Project\\IP-RMT42\\server\\routes\\index.js": {"path":"C:\\data\\hacktiv8\\Project\\IP-RMT42\\server\\routes\\index.js","statementMap":{"0":{"start":{"line":1,"column":16},"end":{"line":1,"column":34}},"1":{"start":{"line":2,"column":15},"end":{"line":2,"column":31}},"2":{"start":{"line":3,"column":21},"end":{"line":3,"column":59}},"3":{"start":{"line":4,"column":23},"end":{"line":4,"column":63}},"4":{"start":{"line":5,"column":26},"end":{"line":5,"column":69}},"5":{"start":{"line":6,"column":23},"end":{"line":6,"column":63}},"6":{"start":{"line":7,"column":23},"end":{"line":7,"column":63}},"7":{"start":{"line":8,"column":26},"end":{"line":8,"column":69}},"8":{"start":{"line":9,"column":36},"end":{"line":9,"column":75}},"9":{"start":{"line":11,"column":0},"end":{"line":11,"column":51}},"10":{"start":{"line":12,"column":0},"end":{"line":12,"column":47}},"11":{"start":{"line":13,"column":0},"end":{"line":13,"column":56}},"12":{"start":{"line":15,"column":0},"end":{"line":15,"column":52}},"13":{"start":{"line":17,"column":0},"end":{"line":17,"column":89}},"14":{"start":{"line":19,"column":0},"end":{"line":19,"column":26}},"15":{"start":{"line":20,"column":0},"end":{"line":20,"column":52}},"16":{"start":{"line":21,"column":0},"end":{"line":21,"column":53}},"17":{"start":{"line":23,"column":0},"end":{"line":23,"column":78}},"18":{"start":{"line":24,"column":0},"end":{"line":24,"column":70}},"19":{"start":{"line":25,"column":0},"end":{"line":25,"column":78}},"20":{"start":{"line":26,"column":0},"end":{"line":26,"column":75}},"21":{"start":{"line":28,"column":0},"end":{"line":28,"column":45}},"22":{"start":{"line":29,"column":0},"end":{"line":29,"column":76}},"23":{"start":{"line":30,"column":0},"end":{"line":30,"column":79}},"24":{"start":{"line":31,"column":0},"end":{"line":31,"column":79}},"25":{"start":{"line":32,"column":0},"end":{"line":32,"column":80}},"26":{"start":{"line":33,"column":0},"end":{"line":33,"column":86}},"27":{"start":{"line":38,"column":0},"end":{"line":38,"column":24}},"28":{"start":{"line":41,"column":0},"end":{"line":41,"column":23}}},"fnMap":{},"branchMap":{},"s":{"0":14,"1":14,"2":14,"3":14,"4":14,"5":14,"6":14,"7":14,"8":14,"9":14,"10":14,"11":14,"12":14,"13":14,"14":14,"15":14,"16":14,"17":14,"18":14,"19":14,"20":14,"21":14,"22":14,"23":14,"24":14,"25":14,"26":14,"27":14,"28":14},"f":{},"b":{},"_coverageSchema":"1a1c01bbd47fc00a2c39e90264f33305004495a9","hash":"485736e0b33055a0c8b9bea6421c2c0b1c9414dc"}
}
