TN:
SF:app.js
FNF:0
FNH:0
DA:1,14
DA:2,14
DA:5,14
DA:6,14
DA:7,14
DA:9,14
DA:10,14
DA:11,14
DA:12,14
DA:14,14
LF:10
LH:10
BRDA:1,0,0,14
BRDA:1,0,1,0
BRF:2
BRH:1
end_of_record
TN:
SF:controllers\FoodController.js
FN:4,(anonymous_0)
FN:13,(anonymous_1)
FN:22,(anonymous_2)
FN:34,(anonymous_3)
FN:44,(anonymous_4)
FN:58,(anonymous_5)
FNF:6
FNH:6
FNDA:1,(anonymous_0)
FNDA:2,(anonymous_1)
FNDA:2,(anonymous_2)
FNDA:2,(anonymous_3)
FNDA:3,(anonymous_4)
FNDA:2,(anonymous_5)
DA:2,14
DA:5,1
DA:6,1
DA:7,1
DA:9,0
DA:14,2
DA:15,2
DA:16,2
DA:18,0
DA:23,2
DA:24,2
DA:25,2
DA:26,1
DA:28,1
DA:30,1
DA:35,2
DA:36,2
DA:37,2
DA:38,1
DA:40,1
DA:45,3
DA:46,3
DA:47,3
DA:48,1
DA:50,2
DA:51,2
DA:52,1
DA:54,2
DA:59,2
DA:60,2
DA:61,2
DA:62,1
DA:64,1
DA:65,1
DA:67,1
DA:72,14
LF:36
LH:34
BRDA:25,0,0,1
BRDA:25,0,1,1
BRDA:47,1,0,1
BRDA:47,1,1,2
BRDA:61,2,0,1
BRDA:61,2,1,1
BRF:6
BRH:6
end_of_record
TN:
SF:controllers\PaymentController.js
FN:5,(anonymous_0)
FN:52,(anonymous_1)
FN:61,(anonymous_2)
FN:88,(anonymous_3)
FN:109,(anonymous_4)
FN:122,(anonymous_5)
FNF:6
FNH:3
FNDA:0,(anonymous_0)
FNDA:0,(anonymous_1)
FNDA:0,(anonymous_2)
FNDA:1,(anonymous_3)
FNDA:2,(anonymous_4)
FNDA:2,(anonymous_5)
DA:1,14
DA:2,14
DA:6,0
DA:7,0
DA:11,0
DA:14,0
DA:16,0
DA:18,0
DA:27,0
DA:45,0
DA:46,0
DA:48,0
DA:53,0
DA:54,0
DA:55,0
DA:56,0
DA:57,0
DA:59,0
DA:61,0
DA:62,0
DA:71,0
DA:72,0
DA:73,0
DA:75,0
DA:76,0
DA:77,0
DA:80,0
DA:82,0
DA:84,0
DA:89,1
DA:90,1
DA:103,1
DA:105,0
DA:110,2
DA:111,2
DA:112,2
DA:113,1
DA:115,1
DA:116,1
DA:118,1
DA:123,2
DA:124,2
DA:125,2
DA:126,1
DA:128,1
DA:129,1
DA:131,1
DA:136,14
LF:48
LH:20
BRDA:14,0,0,0
BRDA:14,0,1,0
BRDA:71,1,0,0
BRDA:71,1,1,0
BRDA:72,2,0,0
BRDA:72,2,1,0
BRDA:75,3,0,0
BRDA:75,3,1,0
BRDA:77,4,0,0
BRDA:77,4,1,0
BRDA:77,5,0,0
BRDA:77,5,1,0
BRDA:77,5,2,0
BRDA:112,6,0,1
BRDA:112,6,1,1
BRDA:125,7,0,1
BRDA:125,7,1,1
BRF:17
BRH:4
end_of_record
TN:
SF:controllers\ProfileController.js
FN:4,(anonymous_0)
FN:17,(anonymous_1)
FNF:2
FNH:2
FNDA:1,(anonymous_0)
FNDA:1,(anonymous_1)
DA:1,14
DA:2,14
DA:5,1
DA:6,1
DA:11,1
DA:13,0
DA:18,1
DA:19,1
DA:20,1
DA:25,1
DA:27,0
DA:32,14
LF:12
LH:10
BRF:0
BRH:0
end_of_record
TN:
SF:controllers\UserController.js
FN:8,(anonymous_0)
FN:19,(anonymous_1)
FN:43,(anonymous_2)
FNF:3
FNH:2
FNDA:9,(anonymous_0)
FNDA:5,(anonymous_1)
FNDA:0,(anonymous_2)
DA:1,14
DA:2,14
DA:3,14
DA:4,14
DA:5,14
DA:6,14
DA:9,9
DA:10,9
DA:11,9
DA:12,1
DA:13,1
DA:15,8
DA:20,5
DA:21,5
DA:22,5
DA:23,1
DA:25,4
DA:26,1
DA:28,3
DA:29,3
DA:30,2
DA:32,1
DA:33,1
DA:34,0
DA:36,1
DA:37,1
DA:39,4
DA:44,0
DA:45,0
DA:49,0
DA:51,0
DA:56,0
DA:57,0
DA:62,0
DA:64,0
DA:65,0
DA:67,0
DA:72,14
LF:38
LH:27
BRDA:22,0,0,1
BRDA:22,0,1,4
BRDA:25,1,0,1
BRDA:25,1,1,3
BRDA:29,2,0,2
BRDA:29,2,1,1
BRDA:33,3,0,0
BRDA:33,3,1,1
BRDA:56,4,0,0
BRDA:56,4,1,0
BRF:10
BRH:7
end_of_record
TN:
SF:helper\bcrypt.js
FN:3,(anonymous_0)
FN:8,(anonymous_1)
FNF:2
FNH:2
FNDA:21,(anonymous_0)
FNDA:1,(anonymous_1)
DA:1,14
DA:3,14
DA:4,21
DA:5,21
DA:8,14
DA:9,1
DA:12,14
LF:7
LH:7
BRF:0
BRH:0
end_of_record
TN:
SF:helper\jwt.js
FN:5,(anonymous_0)
FN:9,(anonymous_1)
FNF:2
FNH:2
FNDA:17,(anonymous_0)
FNDA:34,(anonymous_1)
DA:1,14
DA:3,14
DA:5,14
DA:6,17
DA:9,14
DA:10,34
DA:13,14
LF:7
LH:7
BRF:0
BRH:0
end_of_record
TN:
SF:middlewares\authentication.js
FN:3,authentication
FNF:1
FNH:1
FNDA:45,authentication
DA:1,14
DA:2,14
DA:4,45
DA:5,45
DA:6,45
DA:7,11
DA:9,34
DA:10,23
DA:11,23
DA:12,0
DA:14,23
DA:20,23
DA:22,22
DA:26,14
LF:14
LH:13
BRDA:6,0,0,11
BRDA:6,0,1,34
BRDA:11,1,0,0
BRDA:11,1,1,23
BRF:4
BRH:3
end_of_record
TN:
SF:middlewares\authorization.js
FN:1,guardAuthorizationAdmin
FNF:1
FNH:1
FNDA:15,guardAuthorizationAdmin
DA:2,15
DA:3,15
DA:4,10
DA:6,5
DA:9,5
DA:13,14
LF:6
LH:6
BRDA:3,0,0,10
BRDA:3,0,1,5
BRF:2
BRH:2
end_of_record
TN:
SF:middlewares\errorHandler.js
FN:1,errorHandler
FN:7,(anonymous_1)
FN:12,(anonymous_2)
FNF:3
FNH:3
FNDA:46,errorHandler
FNDA:15,(anonymous_1)
FNDA:1,(anonymous_2)
DA:2,46
DA:3,22
DA:4,24
DA:5,5
DA:6,19
DA:7,9
DA:8,15
DA:10,9
DA:11,10
DA:12,1
DA:13,1
DA:15,1
DA:16,9
DA:17,1
DA:18,8
DA:19,1
DA:20,7
DA:21,2
DA:22,5
DA:23,3
DA:24,2
DA:25,0
DA:26,2
DA:27,2
DA:29,0
DA:30,0
DA:34,14
LF:27
LH:24
BRDA:2,0,0,22
BRDA:2,0,1,24
BRDA:2,1,0,46
BRDA:2,1,1,35
BRDA:4,2,0,5
BRDA:4,2,1,19
BRDA:6,3,0,9
BRDA:6,3,1,10
BRDA:11,4,0,1
BRDA:11,4,1,9
BRDA:16,5,0,1
BRDA:16,5,1,8
BRDA:18,6,0,1
BRDA:18,6,1,7
BRDA:20,7,0,2
BRDA:20,7,1,5
BRDA:22,8,0,3
BRDA:22,8,1,2
BRDA:24,9,0,0
BRDA:24,9,1,2
BRDA:26,10,0,2
BRDA:26,10,1,0
BRF:22
BRH:20
end_of_record
TN:
SF:models\food.js
FN:5,(anonymous_0)
FN:12,(anonymous_1)
FNF:2
FNH:2
FNDA:14,(anonymous_0)
FNDA:14,(anonymous_1)
DA:4,14
DA:5,14
DA:13,14
DA:14,14
DA:17,14
DA:78,14
LF:6
LH:6
BRF:0
BRH:0
end_of_record
TN:
SF:models\index.js
FN:21,(anonymous_0)
FN:29,(anonymous_1)
FN:34,(anonymous_2)
FNF:3
FNH:3
FNDA:70,(anonymous_0)
FNDA:56,(anonymous_1)
FNDA:56,(anonymous_2)
DA:3,14
DA:4,14
DA:5,14
DA:6,14
DA:7,14
DA:8,14
DA:9,14
DA:10,14
DA:13,14
DA:14,0
DA:16,14
DA:19,14
DA:22,70
DA:30,56
DA:31,56
DA:34,14
DA:35,56
DA:36,56
DA:40,14
DA:41,14
DA:43,14
LF:21
LH:20
BRDA:8,0,0,14
BRDA:8,0,1,0
BRDA:13,1,0,0
BRDA:13,1,1,14
BRDA:23,2,0,70
BRDA:23,2,1,70
BRDA:23,2,2,56
BRDA:23,2,3,56
BRDA:35,3,0,56
BRDA:35,3,1,0
BRF:10
BRH:7
end_of_record
TN:
SF:models\order.js
FN:5,(anonymous_0)
FN:12,(anonymous_1)
FNF:2
FNH:2
FNDA:14,(anonymous_0)
FNDA:14,(anonymous_1)
DA:4,14
DA:5,14
DA:13,14
DA:14,14
DA:17,14
DA:62,14
LF:6
LH:6
BRF:0
BRH:0
end_of_record
TN:
SF:models\profile.js
FN:5,(anonymous_0)
FN:12,(anonymous_1)
FNF:2
FNH:2
FNDA:14,(anonymous_0)
FNDA:14,(anonymous_1)
DA:4,14
DA:5,14
DA:13,14
DA:16,14
DA:35,14
LF:5
LH:5
BRF:0
BRH:0
end_of_record
TN:
SF:models\user.js
FN:6,(anonymous_0)
FN:13,(anonymous_1)
FN:74,(anonymous_2)
FNF:3
FNH:3
FNDA:14,(anonymous_0)
FNDA:14,(anonymous_1)
FNDA:21,(anonymous_2)
DA:4,14
DA:5,14
DA:6,14
DA:14,14
DA:15,14
DA:16,14
DA:19,14
DA:74,14
DA:75,21
DA:77,14
LF:10
LH:10
BRF:0
BRH:0
end_of_record
TN:
SF:routes\index.js
FNF:0
FNH:0
DA:1,14
DA:2,14
DA:3,14
DA:4,14
DA:5,14
DA:6,14
DA:7,14
DA:8,14
DA:9,14
DA:11,14
DA:12,14
DA:13,14
DA:15,14
DA:17,14
DA:19,14
DA:20,14
DA:21,14
DA:23,14
DA:24,14
DA:25,14
DA:26,14
DA:28,14
DA:29,14
DA:30,14
DA:31,14
DA:32,14
DA:33,14
DA:38,14
DA:41,14
LF:29
LH:29
BRF:0
BRH:0
end_of_record
